[H[2Jrm -f *.o *.so
gcc -Wall  -c mem.c -fpic
gcc -Wall  -c helper.c -fpic
gcc -shared -o libmem.so mem.o helper.o -lm  

------------------------------MEM-INIT--------------------------------
Allocated Init size: 323584

------------------------------MEM-DUMP--------------------------------
Node: 0, Start Address: 0x7f3c5b6f0000 , Available size: 323584

------------------------------MEM-ALLOC-------------------------------
Allocated memory size (MEM-ALLOC): 120
Returning from Mem_Alloc with PTR: 0x7f3c5b6f0008, HPTR: 0x7f3c5b6f0000, Size: 120, HEAD: 0x7f3c5b6f0078

------------------------------MEM-DUMP--------------------------------
Node: 0, Start Address: 0x7f3c5b6f0078 , Available size: 323464

------------------------------MEM-ALLOC-------------------------------
Allocated memory size (MEM-ALLOC): 104
Returning from Mem_Alloc with PTR: 0x7f3c5b6f0080, HPTR: 0x7f3c5b6f0078, Size: 104, HEAD: 0x7f3c5b6f00e0

------------------------------MEM-DUMP--------------------------------
Node: 0, Start Address: 0x7f3c5b6f00e0 , Available size: 323360

------------------------------MEM-ALLOC-------------------------------
Allocated memory size (MEM-ALLOC): 88
Returning from Mem_Alloc with PTR: 0x7f3c5b6f00e8, HPTR: 0x7f3c5b6f00e0, Size: 88, HEAD: 0x7f3c5b6f0138

------------------------------MEM-DUMP--------------------------------
Node: 0, Start Address: 0x7f3c5b6f0138 , Available size: 323272

------------------------------MEM-ALLOC-------------------------------
Allocated memory size (MEM-ALLOC): 16
Returning from Mem_Alloc with PTR: 0x7f3c5b6f0140, HPTR: 0x7f3c5b6f0138, Size: 16, HEAD: 0x7f3c5b6f0148

------------------------------MEM-DUMP--------------------------------
Node: 0, Start Address: 0x7f3c5b6f0148 , Available size: 323256

------------------------------MEM-ALLOC-------------------------------
Allocated memory size (MEM-ALLOC): 96
Returning from Mem_Alloc with PTR: 0x7f3c5b6f0150, HPTR: 0x7f3c5b6f0148, Size: 96, HEAD: 0x7f3c5b6f01a8

------------------------------MEM-DUMP--------------------------------
Node: 0, Start Address: 0x7f3c5b6f01a8 , Available size: 323160

------------------------------MEM-ALLOC-------------------------------
Allocated memory size (MEM-ALLOC): 72
Returning from Mem_Alloc with PTR: 0x7f3c5b6f01b0, HPTR: 0x7f3c5b6f01a8, Size: 72, HEAD: 0x7f3c5b6f01f0

------------------------------MEM-DUMP--------------------------------
Node: 0, Start Address: 0x7f3c5b6f01f0 , Available size: 323088

------------------------------MEM-ALLOC-------------------------------
Allocated memory size (MEM-ALLOC): 136
Returning from Mem_Alloc with PTR: 0x7f3c5b6f01f8, HPTR: 0x7f3c5b6f01f0, Size: 136, HEAD: 0x7f3c5b6f0278

------------------------------MEM-DUMP--------------------------------
Node: 0, Start Address: 0x7f3c5b6f0278 , Available size: 322952

------------------------------MEM-ALLOC-------------------------------
Allocated memory size (MEM-ALLOC): 56
Returning from Mem_Alloc with PTR: 0x7f3c5b6f0280, HPTR: 0x7f3c5b6f0278, Size: 56, HEAD: 0x7f3c5b6f02b0

------------------------------MEM-DUMP--------------------------------
Node: 0, Start Address: 0x7f3c5b6f02b0 , Available size: 322896

------------------------------MEM-ALLOC-------------------------------
Allocated memory size (MEM-ALLOC): 112
Returning from Mem_Alloc with PTR: 0x7f3c5b6f02b8, HPTR: 0x7f3c5b6f02b0, Size: 112, HEAD: 0x7f3c5b6f0320

------------------------------MEM-DUMP--------------------------------
Node: 0, Start Address: 0x7f3c5b6f0320 , Available size: 322784

------------------------------MEM-ALLOC-------------------------------
Allocated memory size (MEM-ALLOC): 96
Returning from Mem_Alloc with PTR: 0x7f3c5b6f0328, HPTR: 0x7f3c5b6f0320, Size: 96, HEAD: 0x7f3c5b6f0380

------------------------------MEM-DUMP--------------------------------
Node: 0, Start Address: 0x7f3c5b6f0380 , Available size: 322688

------------------------------MEM-ALLOC-------------------------------
Allocated memory size (MEM-ALLOC): 128
Returning from Mem_Alloc with PTR: 0x7f3c5b6f0388, HPTR: 0x7f3c5b6f0380, Size: 128, HEAD: 0x7f3c5b6f0400

------------------------------MEM-DUMP--------------------------------
Node: 0, Start Address: 0x7f3c5b6f0400 , Available size: 322560

------------------------------MEM-ALLOC-------------------------------
Allocated memory size (MEM-ALLOC): 88
Returning from Mem_Alloc with PTR: 0x7f3c5b6f0408, HPTR: 0x7f3c5b6f0400, Size: 88, HEAD: 0x7f3c5b6f0458

------------------------------MEM-DUMP--------------------------------
Node: 0, Start Address: 0x7f3c5b6f0458 , Available size: 322472

------------------------------MEM-ALLOC-------------------------------
Allocated memory size (MEM-ALLOC): 72
Returning from Mem_Alloc with PTR: 0x7f3c5b6f0460, HPTR: 0x7f3c5b6f0458, Size: 72, HEAD: 0x7f3c5b6f04a0

------------------------------MEM-DUMP--------------------------------
Node: 0, Start Address: 0x7f3c5b6f04a0 , Available size: 322400

------------------------------MEM-ALLOC-------------------------------
Allocated memory size (MEM-ALLOC): 104
Returning from Mem_Alloc with PTR: 0x7f3c5b6f04a8, HPTR: 0x7f3c5b6f04a0, Size: 104, HEAD: 0x7f3c5b6f0508

------------------------------MEM-DUMP--------------------------------
Node: 0, Start Address: 0x7f3c5b6f0508 , Available size: 322296

------------------------------MEM-ALLOC-------------------------------
Allocated memory size (MEM-ALLOC): 64
Returning from Mem_Alloc with PTR: 0x7f3c5b6f0510, HPTR: 0x7f3c5b6f0508, Size: 64, HEAD: 0x7f3c5b6f0548

------------------------------MEM-DUMP--------------------------------
Node: 0, Start Address: 0x7f3c5b6f0548 , Available size: 322232

------------------------------MEM-ALLOC-------------------------------
Allocated memory size (MEM-ALLOC): 120
Returning from Mem_Alloc with PTR: 0x7f3c5b6f0550, HPTR: 0x7f3c5b6f0548, Size: 120, HEAD: 0x7f3c5b6f05c0

------------------------------MEM-DUMP--------------------------------
Node: 0, Start Address: 0x7f3c5b6f05c0 , Available size: 322112

------------------------------MEM-ALLOC-------------------------------
Allocated memory size (MEM-ALLOC): 40
Returning from Mem_Alloc with PTR: 0x7f3c5b6f05c8, HPTR: 0x7f3c5b6f05c0, Size: 40, HEAD: 0x7f3c5b6f05e8

------------------------------MEM-FREE--------------------------------
Entering Mem_Free with PTR: 0x7f3c5b6f0408, HPTR: 0x7f3c5b6f0400, Magic: 314159, Size: 88
Sorting Done- HEAD: 0x7f3c5b6f0400

------------------------------MEM-DUMP--------------------------------
Node: 0, Start Address: 0x7f3c5b6f0400 , Available size: 88
Node: 1, Start Address: 0x7f3c5b6f05e8 , Available size: 322072
<=====Coaelescer=====>
Cur_node: 0x7f3c5b6f0400
Cur_node: 0x7f3c5b6f05e8

------------------------------MEM-DUMP--------------------------------
Node: 0, Start Address: 0x7f3c5b6f0400 , Available size: 88
Node: 1, Start Address: 0x7f3c5b6f05e8 , Available size: 322072

------------------------------MEM-ALLOC-------------------------------
Allocated memory size (MEM-ALLOC): 80
Returning from Mem_Alloc with PTR: 0x7f3c5b6f0408, HPTR: 0x7f3c5b6f0400, Size: 88, HEAD: 0x7f3c5b6f05e8

------------------------------MEM-DUMP--------------------------------
Node: 0, Start Address: 0x7f3c5b6f05e8 , Available size: 322072

------------------------------MEM-ALLOC-------------------------------
Allocated memory size (MEM-ALLOC): 72
Returning from Mem_Alloc with PTR: 0x7f3c5b6f05f0, HPTR: 0x7f3c5b6f05e8, Size: 72, HEAD: 0x7f3c5b6f0630

------------------------------MEM-DUMP--------------------------------
Node: 0, Start Address: 0x7f3c5b6f0630 , Available size: 322000

------------------------------MEM-ALLOC-------------------------------
Allocated memory size (MEM-ALLOC): 104
Returning from Mem_Alloc with PTR: 0x7f3c5b6f0638, HPTR: 0x7f3c5b6f0630, Size: 104, HEAD: 0x7f3c5b6f0698

------------------------------MEM-DUMP--------------------------------
Node: 0, Start Address: 0x7f3c5b6f0698 , Available size: 321896

------------------------------MEM-ALLOC-------------------------------
Allocated memory size (MEM-ALLOC): 40
Returning from Mem_Alloc with PTR: 0x7f3c5b6f06a0, HPTR: 0x7f3c5b6f0698, Size: 40, HEAD: 0x7f3c5b6f06c0

------------------------------MEM-DUMP--------------------------------
Node: 0, Start Address: 0x7f3c5b6f06c0 , Available size: 321856

------------------------------MEM-ALLOC-------------------------------
Allocated memory size (MEM-ALLOC): 40
Returning from Mem_Alloc with PTR: 0x7f3c5b6f06c8, HPTR: 0x7f3c5b6f06c0, Size: 40, HEAD: 0x7f3c5b6f06e8

------------------------------MEM-DUMP--------------------------------
Node: 0, Start Address: 0x7f3c5b6f06e8 , Available size: 321816

------------------------------MEM-ALLOC-------------------------------
Allocated memory size (MEM-ALLOC): 40
Returning from Mem_Alloc with PTR: 0x7f3c5b6f06f0, HPTR: 0x7f3c5b6f06e8, Size: 40, HEAD: 0x7f3c5b6f0710

------------------------------MEM-DUMP--------------------------------
Node: 0, Start Address: 0x7f3c5b6f0710 , Available size: 321776

------------------------------MEM-ALLOC-------------------------------
Allocated memory size (MEM-ALLOC): 48
Returning from Mem_Alloc with PTR: 0x7f3c5b6f0718, HPTR: 0x7f3c5b6f0710, Size: 48, HEAD: 0x7f3c5b6f0740

------------------------------MEM-DUMP--------------------------------
Node: 0, Start Address: 0x7f3c5b6f0740 , Available size: 321728

------------------------------MEM-ALLOC-------------------------------
Allocated memory size (MEM-ALLOC): 120
Returning from Mem_Alloc with PTR: 0x7f3c5b6f0748, HPTR: 0x7f3c5b6f0740, Size: 120, HEAD: 0x7f3c5b6f07b8

------------------------------MEM-DUMP--------------------------------
Node: 0, Start Address: 0x7f3c5b6f07b8 , Available size: 321608

------------------------------MEM-ALLOC-------------------------------
Allocated memory size (MEM-ALLOC): 72
Returning from Mem_Alloc with PTR: 0x7f3c5b6f07c0, HPTR: 0x7f3c5b6f07b8, Size: 72, HEAD: 0x7f3c5b6f0800

------------------------------MEM-DUMP--------------------------------
Node: 0, Start Address: 0x7f3c5b6f0800 , Available size: 321536

------------------------------MEM-ALLOC-------------------------------
Allocated memory size (MEM-ALLOC): 104
Returning from Mem_Alloc with PTR: 0x7f3c5b6f0808, HPTR: 0x7f3c5b6f0800, Size: 104, HEAD: 0x7f3c5b6f0868

------------------------------MEM-DUMP--------------------------------
Node: 0, Start Address: 0x7f3c5b6f0868 , Available size: 321432

------------------------------MEM-ALLOC-------------------------------
Allocated memory size (MEM-ALLOC): 120
Returning from Mem_Alloc with PTR: 0x7f3c5b6f0870, HPTR: 0x7f3c5b6f0868, Size: 120, HEAD: 0x7f3c5b6f08e0

------------------------------MEM-DUMP--------------------------------
Node: 0, Start Address: 0x7f3c5b6f08e0 , Available size: 321312

------------------------------MEM-ALLOC-------------------------------
Allocated memory size (MEM-ALLOC): 128
Returning from Mem_Alloc with PTR: 0x7f3c5b6f08e8, HPTR: 0x7f3c5b6f08e0, Size: 128, HEAD: 0x7f3c5b6f0960

------------------------------MEM-DUMP--------------------------------
Node: 0, Start Address: 0x7f3c5b6f0960 , Available size: 321184

------------------------------MEM-ALLOC-------------------------------
Allocated memory size (MEM-ALLOC): 40
Returning from Mem_Alloc with PTR: 0x7f3c5b6f0968, HPTR: 0x7f3c5b6f0960, Size: 40, HEAD: 0x7f3c5b6f0988

------------------------------MEM-DUMP--------------------------------
Node: 0, Start Address: 0x7f3c5b6f0988 , Available size: 321144

------------------------------MEM-ALLOC-------------------------------
Allocated memory size (MEM-ALLOC): 56
Returning from Mem_Alloc with PTR: 0x7f3c5b6f0990, HPTR: 0x7f3c5b6f0988, Size: 56, HEAD: 0x7f3c5b6f09c0

------------------------------MEM-DUMP--------------------------------
Node: 0, Start Address: 0x7f3c5b6f09c0 , Available size: 321088

------------------------------MEM-ALLOC-------------------------------
Allocated memory size (MEM-ALLOC): 128
Returning from Mem_Alloc with PTR: 0x7f3c5b6f09c8, HPTR: 0x7f3c5b6f09c0, Size: 128, HEAD: 0x7f3c5b6f0a40

------------------------------MEM-DUMP--------------------------------
Node: 0, Start Address: 0x7f3c5b6f0a40 , Available size: 320960

------------------------------MEM-ALLOC-------------------------------
Allocated memory size (MEM-ALLOC): 96
Returning from Mem_Alloc with PTR: 0x7f3c5b6f0a48, HPTR: 0x7f3c5b6f0a40, Size: 96, HEAD: 0x7f3c5b6f0aa0

------------------------------MEM-DUMP--------------------------------
Node: 0, Start Address: 0x7f3c5b6f0aa0 , Available size: 320864

------------------------------MEM-ALLOC-------------------------------
Allocated memory size (MEM-ALLOC): 64
Returning from Mem_Alloc with PTR: 0x7f3c5b6f0aa8, HPTR: 0x7f3c5b6f0aa0, Size: 64, HEAD: 0x7f3c5b6f0ae0

------------------------------MEM-DUMP--------------------------------
Node: 0, Start Address: 0x7f3c5b6f0ae0 , Available size: 320800

------------------------------MEM-ALLOC-------------------------------
Allocated memory size (MEM-ALLOC): 120
Returning from Mem_Alloc with PTR: 0x7f3c5b6f0ae8, HPTR: 0x7f3c5b6f0ae0, Size: 120, HEAD: 0x7f3c5b6f0b58

------------------------------MEM-DUMP--------------------------------
Node: 0, Start Address: 0x7f3c5b6f0b58 , Available size: 320680

------------------------------MEM-ALLOC-------------------------------
Allocated memory size (MEM-ALLOC): 104
Returning from Mem_Alloc with PTR: 0x7f3c5b6f0b60, HPTR: 0x7f3c5b6f0b58, Size: 104, HEAD: 0x7f3c5b6f0bc0

------------------------------MEM-DUMP--------------------------------
Node: 0, Start Address: 0x7f3c5b6f0bc0 , Available size: 320576

------------------------------MEM-ALLOC-------------------------------
Allocated memory size (MEM-ALLOC): 72
Returning from Mem_Alloc with PTR: 0x7f3c5b6f0bc8, HPTR: 0x7f3c5b6f0bc0, Size: 72, HEAD: 0x7f3c5b6f0c08

------------------------------MEM-DUMP--------------------------------
Node: 0, Start Address: 0x7f3c5b6f0c08 , Available size: 320504

------------------------------MEM-ALLOC-------------------------------
Allocated memory size (MEM-ALLOC): 112
Returning from Mem_Alloc with PTR: 0x7f3c5b6f0c10, HPTR: 0x7f3c5b6f0c08, Size: 112, HEAD: 0x7f3c5b6f0c78

------------------------------MEM-DUMP--------------------------------
Node: 0, Start Address: 0x7f3c5b6f0c78 , Available size: 320392

------------------------------MEM-ALLOC-------------------------------
Allocated memory size (MEM-ALLOC): 24
Returning from Mem_Alloc with PTR: 0x7f3c5b6f0c80, HPTR: 0x7f3c5b6f0c78, Size: 24, HEAD: 0x7f3c5b6f0c90

------------------------------MEM-DUMP--------------------------------
Node: 0, Start Address: 0x7f3c5b6f0c90 , Available size: 320368

------------------------------MEM-ALLOC-------------------------------
Allocated memory size (MEM-ALLOC): 24
Returning from Mem_Alloc with PTR: 0x7f3c5b6f0c98, HPTR: 0x7f3c5b6f0c90, Size: 24, HEAD: 0x7f3c5b6f0ca8

------------------------------MEM-DUMP--------------------------------
Node: 0, Start Address: 0x7f3c5b6f0ca8 , Available size: 320344

------------------------------MEM-ALLOC-------------------------------
Allocated memory size (MEM-ALLOC): 128
Returning from Mem_Alloc with PTR: 0x7f3c5b6f0cb0, HPTR: 0x7f3c5b6f0ca8, Size: 128, HEAD: 0x7f3c5b6f0d28

------------------------------MEM-DUMP--------------------------------
Node: 0, Start Address: 0x7f3c5b6f0d28 , Available size: 320216

------------------------------MEM-ALLOC-------------------------------
Allocated memory size (MEM-ALLOC): 72
Returning from Mem_Alloc with PTR: 0x7f3c5b6f0d30, HPTR: 0x7f3c5b6f0d28, Size: 72, HEAD: 0x7f3c5b6f0d70

------------------------------MEM-DUMP--------------------------------
Node: 0, Start Address: 0x7f3c5b6f0d70 , Available size: 320144

------------------------------MEM-ALLOC-------------------------------
Allocated memory size (MEM-ALLOC): 128
Returning from Mem_Alloc with PTR: 0x7f3c5b6f0d78, HPTR: 0x7f3c5b6f0d70, Size: 128, HEAD: 0x7f3c5b6f0df0

------------------------------MEM-DUMP--------------------------------
Node: 0, Start Address: 0x7f3c5b6f0df0 , Available size: 320016

------------------------------MEM-ALLOC-------------------------------
Allocated memory size (MEM-ALLOC): 128
Returning from Mem_Alloc with PTR: 0x7f3c5b6f0df8, HPTR: 0x7f3c5b6f0df0, Size: 128, HEAD: 0x7f3c5b6f0e70

------------------------------MEM-DUMP--------------------------------
Node: 0, Start Address: 0x7f3c5b6f0e70 , Available size: 319888

------------------------------MEM-ALLOC-------------------------------
Allocated memory size (MEM-ALLOC): 136
Returning from Mem_Alloc with PTR: 0x7f3c5b6f0e78, HPTR: 0x7f3c5b6f0e70, Size: 136, HEAD: 0x7f3c5b6f0ef8

------------------------------MEM-DUMP--------------------------------
Node: 0, Start Address: 0x7f3c5b6f0ef8 , Available size: 319752

------------------------------MEM-ALLOC-------------------------------
Allocated memory size (MEM-ALLOC): 80
Returning from Mem_Alloc with PTR: 0x7f3c5b6f0f00, HPTR: 0x7f3c5b6f0ef8, Size: 80, HEAD: 0x7f3c5b6f0f48

------------------------------MEM-DUMP--------------------------------
Node: 0, Start Address: 0x7f3c5b6f0f48 , Available size: 319672

------------------------------MEM-ALLOC-------------------------------
Allocated memory size (MEM-ALLOC): 136
Returning from Mem_Alloc with PTR: 0x7f3c5b6f0f50, HPTR: 0x7f3c5b6f0f48, Size: 136, HEAD: 0x7f3c5b6f0fd0

------------------------------MEM-DUMP--------------------------------
Node: 0, Start Address: 0x7f3c5b6f0fd0 , Available size: 319536

------------------------------MEM-ALLOC-------------------------------
Allocated memory size (MEM-ALLOC): 136
Returning from Mem_Alloc with PTR: 0x7f3c5b6f0fd8, HPTR: 0x7f3c5b6f0fd0, Size: 136, HEAD: 0x7f3c5b6f1058

------------------------------MEM-DUMP--------------------------------
Node: 0, Start Address: 0x7f3c5b6f1058 , Available size: 319400

------------------------------MEM-ALLOC-------------------------------
Allocated memory size (MEM-ALLOC): 96
Returning from Mem_Alloc with PTR: 0x7f3c5b6f1060, HPTR: 0x7f3c5b6f1058, Size: 96, HEAD: 0x7f3c5b6f10b8

------------------------------MEM-DUMP--------------------------------
Node: 0, Start Address: 0x7f3c5b6f10b8 , Available size: 319304

------------------------------MEM-ALLOC-------------------------------
Allocated memory size (MEM-ALLOC): 80
Returning from Mem_Alloc with PTR: 0x7f3c5b6f10c0, HPTR: 0x7f3c5b6f10b8, Size: 80, HEAD: 0x7f3c5b6f1108

------------------------------MEM-DUMP--------------------------------
Node: 0, Start Address: 0x7f3c5b6f1108 , Available size: 319224

------------------------------MEM-ALLOC-------------------------------
Allocated memory size (MEM-ALLOC): 16
Returning from Mem_Alloc with PTR: 0x7f3c5b6f1110, HPTR: 0x7f3c5b6f1108, Size: 16, HEAD: 0x7f3c5b6f1118

------------------------------MEM-DUMP--------------------------------
Node: 0, Start Address: 0x7f3c5b6f1118 , Available size: 319208

------------------------------MEM-ALLOC-------------------------------
Allocated memory size (MEM-ALLOC): 48
Returning from Mem_Alloc with PTR: 0x7f3c5b6f1120, HPTR: 0x7f3c5b6f1118, Size: 48, HEAD: 0x7f3c5b6f1148

------------------------------MEM-DUMP--------------------------------
Node: 0, Start Address: 0x7f3c5b6f1148 , Available size: 319160

------------------------------MEM-ALLOC-------------------------------
Allocated memory size (MEM-ALLOC): 40
Returning from Mem_Alloc with PTR: 0x7f3c5b6f1150, HPTR: 0x7f3c5b6f1148, Size: 40, HEAD: 0x7f3c5b6f1170

------------------------------MEM-DUMP--------------------------------
Node: 0, Start Address: 0x7f3c5b6f1170 , Available size: 319120

------------------------------MEM-ALLOC-------------------------------
Allocated memory size (MEM-ALLOC): 24
Returning from Mem_Alloc with PTR: 0x7f3c5b6f1178, HPTR: 0x7f3c5b6f1170, Size: 24, HEAD: 0x7f3c5b6f1188

------------------------------MEM-DUMP--------------------------------
Node: 0, Start Address: 0x7f3c5b6f1188 , Available size: 319096

------------------------------MEM-ALLOC-------------------------------
Allocated memory size (MEM-ALLOC): 120
Returning from Mem_Alloc with PTR: 0x7f3c5b6f1190, HPTR: 0x7f3c5b6f1188, Size: 120, HEAD: 0x7f3c5b6f1200

------------------------------MEM-DUMP--------------------------------
Node: 0, Start Address: 0x7f3c5b6f1200 , Available size: 318976

------------------------------MEM-ALLOC-------------------------------
Allocated memory size (MEM-ALLOC): 80
Returning from Mem_Alloc with PTR: 0x7f3c5b6f1208, HPTR: 0x7f3c5b6f1200, Size: 80, HEAD: 0x7f3c5b6f1250

------------------------------MEM-DUMP--------------------------------
Node: 0, Start Address: 0x7f3c5b6f1250 , Available size: 318896

------------------------------MEM-ALLOC-------------------------------
Allocated memory size (MEM-ALLOC): 40
Returning from Mem_Alloc with PTR: 0x7f3c5b6f1258, HPTR: 0x7f3c5b6f1250, Size: 40, HEAD: 0x7f3c5b6f1278

------------------------------MEM-DUMP--------------------------------
Node: 0, Start Address: 0x7f3c5b6f1278 , Available size: 318856

------------------------------MEM-ALLOC-------------------------------
Allocated memory size (MEM-ALLOC): 64
Returning from Mem_Alloc with PTR: 0x7f3c5b6f1280, HPTR: 0x7f3c5b6f1278, Size: 64, HEAD: 0x7f3c5b6f12b8

------------------------------MEM-FREE--------------------------------
Entering Mem_Free with PTR: 0x7f3c5b6f1208, HPTR: 0x7f3c5b6f1200, Magic: 314159, Size: 80
Sorting Done- HEAD: 0x7f3c5b6f1200

------------------------------MEM-DUMP--------------------------------
Node: 0, Start Address: 0x7f3c5b6f1200 , Available size: 80
Node: 1, Start Address: 0x7f3c5b6f12b8 , Available size: 318792
<=====Coaelescer=====>
Cur_node: 0x7f3c5b6f1200
Cur_node: 0x7f3c5b6f12b8

------------------------------MEM-DUMP--------------------------------
Node: 0, Start Address: 0x7f3c5b6f1200 , Available size: 80
Node: 1, Start Address: 0x7f3c5b6f12b8 , Available size: 318792

------------------------------MEM-ALLOC-------------------------------
Allocated memory size (MEM-ALLOC): 72
Returning from Mem_Alloc with PTR: 0x7f3c5b6f1208, HPTR: 0x7f3c5b6f1200, Size: 80, HEAD: 0x7f3c5b6f12b8

------------------------------MEM-DUMP--------------------------------
Node: 0, Start Address: 0x7f3c5b6f12b8 , Available size: 318792

------------------------------MEM-ALLOC-------------------------------
Allocated memory size (MEM-ALLOC): 96
Returning from Mem_Alloc with PTR: 0x7f3c5b6f12c0, HPTR: 0x7f3c5b6f12b8, Size: 96, HEAD: 0x7f3c5b6f1318

------------------------------MEM-DUMP--------------------------------
Node: 0, Start Address: 0x7f3c5b6f1318 , Available size: 318696

------------------------------MEM-ALLOC-------------------------------
Allocated memory size (MEM-ALLOC): 48
Returning from Mem_Alloc with PTR: 0x7f3c5b6f1320, HPTR: 0x7f3c5b6f1318, Size: 48, HEAD: 0x7f3c5b6f1348

------------------------------MEM-DUMP--------------------------------
Node: 0, Start Address: 0x7f3c5b6f1348 , Available size: 318648

------------------------------MEM-ALLOC-------------------------------
Allocated memory size (MEM-ALLOC): 112
Returning from Mem_Alloc with PTR: 0x7f3c5b6f1350, HPTR: 0x7f3c5b6f1348, Size: 112, HEAD: 0x7f3c5b6f13b8

------------------------------MEM-DUMP--------------------------------
Node: 0, Start Address: 0x7f3c5b6f13b8 , Available size: 318536

------------------------------MEM-ALLOC-------------------------------
Allocated memory size (MEM-ALLOC): 56
Returning from Mem_Alloc with PTR: 0x7f3c5b6f13c0, HPTR: 0x7f3c5b6f13b8, Size: 56, HEAD: 0x7f3c5b6f13f0

------------------------------MEM-DUMP--------------------------------
Node: 0, Start Address: 0x7f3c5b6f13f0 , Available size: 318480

------------------------------MEM-ALLOC-------------------------------
Allocated memory size (MEM-ALLOC): 128
Returning from Mem_Alloc with PTR: 0x7f3c5b6f13f8, HPTR: 0x7f3c5b6f13f0, Size: 128, HEAD: 0x7f3c5b6f1470

------------------------------MEM-DUMP--------------------------------
Node: 0, Start Address: 0x7f3c5b6f1470 , Available size: 318352

------------------------------MEM-ALLOC-------------------------------
Allocated memory size (MEM-ALLOC): 136
Returning from Mem_Alloc with PTR: 0x7f3c5b6f1478, HPTR: 0x7f3c5b6f1470, Size: 136, HEAD: 0x7f3c5b6f14f8

------------------------------MEM-DUMP--------------------------------
Node: 0, Start Address: 0x7f3c5b6f14f8 , Available size: 318216

------------------------------MEM-ALLOC-------------------------------
Allocated memory size (MEM-ALLOC): 88
Returning from Mem_Alloc with PTR: 0x7f3c5b6f1500, HPTR: 0x7f3c5b6f14f8, Size: 88, HEAD: 0x7f3c5b6f1550

------------------------------MEM-DUMP--------------------------------
Node: 0, Start Address: 0x7f3c5b6f1550 , Available size: 318128

------------------------------MEM-ALLOC-------------------------------
Allocated memory size (MEM-ALLOC): 112
Returning from Mem_Alloc with PTR: 0x7f3c5b6f1558, HPTR: 0x7f3c5b6f1550, Size: 112, HEAD: 0x7f3c5b6f15c0

------------------------------MEM-DUMP--------------------------------
Node: 0, Start Address: 0x7f3c5b6f15c0 , Available size: 318016

------------------------------MEM-ALLOC-------------------------------
Allocated memory size (MEM-ALLOC): 128
Returning from Mem_Alloc with PTR: 0x7f3c5b6f15c8, HPTR: 0x7f3c5b6f15c0, Size: 128, HEAD: 0x7f3c5b6f1640

------------------------------MEM-DUMP--------------------------------
Node: 0, Start Address: 0x7f3c5b6f1640 , Available size: 317888

------------------------------MEM-ALLOC-------------------------------
Allocated memory size (MEM-ALLOC): 112
Returning from Mem_Alloc with PTR: 0x7f3c5b6f1648, HPTR: 0x7f3c5b6f1640, Size: 112, HEAD: 0x7f3c5b6f16b0

------------------------------MEM-DUMP--------------------------------
Node: 0, Start Address: 0x7f3c5b6f16b0 , Available size: 317776

------------------------------MEM-ALLOC-------------------------------
Allocated memory size (MEM-ALLOC): 72
Returning from Mem_Alloc with PTR: 0x7f3c5b6f16b8, HPTR: 0x7f3c5b6f16b0, Size: 72, HEAD: 0x7f3c5b6f16f8

------------------------------MEM-DUMP--------------------------------
Node: 0, Start Address: 0x7f3c5b6f16f8 , Available size: 317704

------------------------------MEM-ALLOC-------------------------------
Allocated memory size (MEM-ALLOC): 112
Returning from Mem_Alloc with PTR: 0x7f3c5b6f1700, HPTR: 0x7f3c5b6f16f8, Size: 112, HEAD: 0x7f3c5b6f1768

------------------------------MEM-DUMP--------------------------------
Node: 0, Start Address: 0x7f3c5b6f1768 , Available size: 317592

------------------------------MEM-ALLOC-------------------------------
Allocated memory size (MEM-ALLOC): 104
Returning from Mem_Alloc with PTR: 0x7f3c5b6f1770, HPTR: 0x7f3c5b6f1768, Size: 104, HEAD: 0x7f3c5b6f17d0

------------------------------MEM-DUMP--------------------------------
Node: 0, Start Address: 0x7f3c5b6f17d0 , Available size: 317488

------------------------------MEM-ALLOC-------------------------------
Allocated memory size (MEM-ALLOC): 40
Returning from Mem_Alloc with PTR: 0x7f3c5b6f17d8, HPTR: 0x7f3c5b6f17d0, Size: 40, HEAD: 0x7f3c5b6f17f8

------------------------------MEM-DUMP--------------------------------
Node: 0, Start Address: 0x7f3c5b6f17f8 , Available size: 317448

------------------------------MEM-ALLOC-------------------------------
Allocated memory size (MEM-ALLOC): 40
Returning from Mem_Alloc with PTR: 0x7f3c5b6f1800, HPTR: 0x7f3c5b6f17f8, Size: 40, HEAD: 0x7f3c5b6f1820

------------------------------MEM-FREE--------------------------------
Entering Mem_Free with PTR: 0x7f3c5b6f1190, HPTR: 0x7f3c5b6f1188, Magic: 314159, Size: 120
Sorting Done- HEAD: 0x7f3c5b6f1188

------------------------------MEM-DUMP--------------------------------
Node: 0, Start Address: 0x7f3c5b6f1188 , Available size: 120
Node: 1, Start Address: 0x7f3c5b6f1820 , Available size: 317408
<=====Coaelescer=====>
Cur_node: 0x7f3c5b6f1188
Cur_node: 0x7f3c5b6f1820

------------------------------MEM-DUMP--------------------------------
Node: 0, Start Address: 0x7f3c5b6f1188 , Available size: 120
Node: 1, Start Address: 0x7f3c5b6f1820 , Available size: 317408

------------------------------MEM-ALLOC-------------------------------
Allocated memory size (MEM-ALLOC): 72
Returning from Mem_Alloc with PTR: 0x7f3c5b6f1190, HPTR: 0x7f3c5b6f1188, Size: 72, HEAD: 0x7f3c5b6f11d0

------------------------------MEM-DUMP--------------------------------
Node: 0, Start Address: 0x7f3c5b6f11d0 , Available size: 48
Node: 1, Start Address: 0x7f3c5b6f1820 , Available size: 317408

------------------------------MEM-ALLOC-------------------------------
Allocated memory size (MEM-ALLOC): 80
Returning from Mem_Alloc with PTR: 0x7f3c5b6f1828, HPTR: 0x7f3c5b6f1820, Size: 80, HEAD: 0x7f3c5b6f11d0

------------------------------MEM-DUMP--------------------------------
Node: 0, Start Address: 0x7f3c5b6f11d0 , Available size: 48
Node: 1, Start Address: 0x7f3c5b6f1870 , Available size: 317328

------------------------------MEM-ALLOC-------------------------------
Allocated memory size (MEM-ALLOC): 128
Returning from Mem_Alloc with PTR: 0x7f3c5b6f1878, HPTR: 0x7f3c5b6f1870, Size: 128, HEAD: 0x7f3c5b6f11d0

------------------------------MEM-DUMP--------------------------------
Node: 0, Start Address: 0x7f3c5b6f11d0 , Available size: 48
Node: 1, Start Address: 0x7f3c5b6f18f0 , Available size: 317200

------------------------------MEM-ALLOC-------------------------------
Allocated memory size (MEM-ALLOC): 120
Returning from Mem_Alloc with PTR: 0x7f3c5b6f18f8, HPTR: 0x7f3c5b6f18f0, Size: 120, HEAD: 0x7f3c5b6f11d0

------------------------------MEM-DUMP--------------------------------
Node: 0, Start Address: 0x7f3c5b6f11d0 , Available size: 48
Node: 1, Start Address: 0x7f3c5b6f1968 , Available size: 317080

------------------------------MEM-ALLOC-------------------------------
Allocated memory size (MEM-ALLOC): 112
Returning from Mem_Alloc with PTR: 0x7f3c5b6f1970, HPTR: 0x7f3c5b6f1968, Size: 112, HEAD: 0x7f3c5b6f11d0

------------------------------MEM-DUMP--------------------------------
Node: 0, Start Address: 0x7f3c5b6f11d0 , Available size: 48
Node: 1, Start Address: 0x7f3c5b6f19d8 , Available size: 316968

------------------------------MEM-ALLOC-------------------------------
Allocated memory size (MEM-ALLOC): 56
Returning from Mem_Alloc with PTR: 0x7f3c5b6f19e0, HPTR: 0x7f3c5b6f19d8, Size: 56, HEAD: 0x7f3c5b6f11d0

------------------------------MEM-DUMP--------------------------------
Node: 0, Start Address: 0x7f3c5b6f11d0 , Available size: 48
Node: 1, Start Address: 0x7f3c5b6f1a10 , Available size: 316912

------------------------------MEM-ALLOC-------------------------------
Allocated memory size (MEM-ALLOC): 40
Returning from Mem_Alloc with PTR: 0x7f3c5b6f11d8, HPTR: 0x7f3c5b6f11d0, Size: 48, HEAD: 0x7f3c5b6f1a10

------------------------------MEM-DUMP--------------------------------
Node: 0, Start Address: 0x7f3c5b6f1a10 , Available size: 316912

------------------------------MEM-ALLOC-------------------------------
Allocated memory size (MEM-ALLOC): 96
Returning from Mem_Alloc with PTR: 0x7f3c5b6f1a18, HPTR: 0x7f3c5b6f1a10, Size: 96, HEAD: 0x7f3c5b6f1a70

------------------------------MEM-DUMP--------------------------------
Node: 0, Start Address: 0x7f3c5b6f1a70 , Available size: 316816

------------------------------MEM-ALLOC-------------------------------
Allocated memory size (MEM-ALLOC): 40
Returning from Mem_Alloc with PTR: 0x7f3c5b6f1a78, HPTR: 0x7f3c5b6f1a70, Size: 40, HEAD: 0x7f3c5b6f1a98

------------------------------MEM-DUMP--------------------------------
Node: 0, Start Address: 0x7f3c5b6f1a98 , Available size: 316776

------------------------------MEM-ALLOC-------------------------------
Allocated memory size (MEM-ALLOC): 80
Returning from Mem_Alloc with PTR: 0x7f3c5b6f1aa0, HPTR: 0x7f3c5b6f1a98, Size: 80, HEAD: 0x7f3c5b6f1ae8

------------------------------MEM-DUMP--------------------------------
Node: 0, Start Address: 0x7f3c5b6f1ae8 , Available size: 316696

------------------------------MEM-ALLOC-------------------------------
Allocated memory size (MEM-ALLOC): 24
Returning from Mem_Alloc with PTR: 0x7f3c5b6f1af0, HPTR: 0x7f3c5b6f1ae8, Size: 24, HEAD: 0x7f3c5b6f1b00

------------------------------MEM-FREE--------------------------------
Entering Mem_Free with PTR: 0x7f3c5b6f08e8, HPTR: 0x7f3c5b6f08e0, Magic: 314159, Size: 128
Sorting Done- HEAD: 0x7f3c5b6f08e0

------------------------------MEM-DUMP--------------------------------
Node: 0, Start Address: 0x7f3c5b6f08e0 , Available size: 128
Node: 1, Start Address: 0x7f3c5b6f1b00 , Available size: 316672
<=====Coaelescer=====>
Cur_node: 0x7f3c5b6f08e0
Cur_node: 0x7f3c5b6f1b00

------------------------------MEM-DUMP--------------------------------
Node: 0, Start Address: 0x7f3c5b6f08e0 , Available size: 128
Node: 1, Start Address: 0x7f3c5b6f1b00 , Available size: 316672

------------------------------MEM-ALLOC-------------------------------
Allocated memory size (MEM-ALLOC): 64
Returning from Mem_Alloc with PTR: 0x7f3c5b6f08e8, HPTR: 0x7f3c5b6f08e0, Size: 64, HEAD: 0x7f3c5b6f0920

------------------------------MEM-DUMP--------------------------------
Node: 0, Start Address: 0x7f3c5b6f0920 , Available size: 64
Node: 1, Start Address: 0x7f3c5b6f1b00 , Available size: 316672

------------------------------MEM-ALLOC-------------------------------
Allocated memory size (MEM-ALLOC): 40
Returning from Mem_Alloc with PTR: 0x7f3c5b6f0928, HPTR: 0x7f3c5b6f0920, Size: 40, HEAD: 0x7f3c5b6f0948

------------------------------MEM-DUMP--------------------------------
Node: 0, Start Address: 0x7f3c5b6f0948 , Available size: 24
Node: 1, Start Address: 0x7f3c5b6f1b00 , Available size: 316672

------------------------------MEM-ALLOC-------------------------------
Allocated memory size (MEM-ALLOC): 80
Returning from Mem_Alloc with PTR: 0x7f3c5b6f1b08, HPTR: 0x7f3c5b6f1b00, Size: 80, HEAD: 0x7f3c5b6f0948

------------------------------MEM-DUMP--------------------------------
Node: 0, Start Address: 0x7f3c5b6f0948 , Available size: 24
Node: 1, Start Address: 0x7f3c5b6f1b50 , Available size: 316592

------------------------------MEM-ALLOC-------------------------------
Allocated memory size (MEM-ALLOC): 16
Returning from Mem_Alloc with PTR: 0x7f3c5b6f0950, HPTR: 0x7f3c5b6f0948, Size: 24, HEAD: 0x7f3c5b6f1b50

------------------------------MEM-DUMP--------------------------------
Node: 0, Start Address: 0x7f3c5b6f1b50 , Available size: 316592

------------------------------MEM-ALLOC-------------------------------
Allocated memory size (MEM-ALLOC): 72
Returning from Mem_Alloc with PTR: 0x7f3c5b6f1b58, HPTR: 0x7f3c5b6f1b50, Size: 72, HEAD: 0x7f3c5b6f1b98

------------------------------MEM-DUMP--------------------------------
Node: 0, Start Address: 0x7f3c5b6f1b98 , Available size: 316520

------------------------------MEM-ALLOC-------------------------------
Allocated memory size (MEM-ALLOC): 80
Returning from Mem_Alloc with PTR: 0x7f3c5b6f1ba0, HPTR: 0x7f3c5b6f1b98, Size: 80, HEAD: 0x7f3c5b6f1be8

------------------------------MEM-DUMP--------------------------------
Node: 0, Start Address: 0x7f3c5b6f1be8 , Available size: 316440

------------------------------MEM-ALLOC-------------------------------
Allocated memory size (MEM-ALLOC): 32
Returning from Mem_Alloc with PTR: 0x7f3c5b6f1bf0, HPTR: 0x7f3c5b6f1be8, Size: 32, HEAD: 0x7f3c5b6f1c08

------------------------------MEM-DUMP--------------------------------
Node: 0, Start Address: 0x7f3c5b6f1c08 , Available size: 316408

------------------------------MEM-ALLOC-------------------------------
Allocated memory size (MEM-ALLOC): 104
Returning from Mem_Alloc with PTR: 0x7f3c5b6f1c10, HPTR: 0x7f3c5b6f1c08, Size: 104, HEAD: 0x7f3c5b6f1c70

------------------------------MEM-DUMP--------------------------------
Node: 0, Start Address: 0x7f3c5b6f1c70 , Available size: 316304

------------------------------MEM-ALLOC-------------------------------
Allocated memory size (MEM-ALLOC): 72
Returning from Mem_Alloc with PTR: 0x7f3c5b6f1c78, HPTR: 0x7f3c5b6f1c70, Size: 72, HEAD: 0x7f3c5b6f1cb8

------------------------------MEM-FREE--------------------------------
Entering Mem_Free with PTR: 0x7f3c5b6f13c0, HPTR: 0x7f3c5b6f13b8, Magic: 314159, Size: 56
Sorting Done- HEAD: 0x7f3c5b6f13b8

------------------------------MEM-DUMP--------------------------------
Node: 0, Start Address: 0x7f3c5b6f13b8 , Available size: 56
Node: 1, Start Address: 0x7f3c5b6f1cb8 , Available size: 316232
<=====Coaelescer=====>
Cur_node: 0x7f3c5b6f13b8
Cur_node: 0x7f3c5b6f1cb8

------------------------------MEM-DUMP--------------------------------
Node: 0, Start Address: 0x7f3c5b6f13b8 , Available size: 56
Node: 1, Start Address: 0x7f3c5b6f1cb8 , Available size: 316232

------------------------------MEM-ALLOC-------------------------------
Allocated memory size (MEM-ALLOC): 104
Returning from Mem_Alloc with PTR: 0x7f3c5b6f1cc0, HPTR: 0x7f3c5b6f1cb8, Size: 104, HEAD: 0x7f3c5b6f13b8

------------------------------MEM-DUMP--------------------------------
Node: 0, Start Address: 0x7f3c5b6f13b8 , Available size: 56
Node: 1, Start Address: 0x7f3c5b6f1d20 , Available size: 316128

------------------------------MEM-ALLOC-------------------------------
Allocated memory size (MEM-ALLOC): 56
Returning from Mem_Alloc with PTR: 0x7f3c5b6f13c0, HPTR: 0x7f3c5b6f13b8, Size: 56, HEAD: 0x7f3c5b6f1d20

------------------------------MEM-DUMP--------------------------------
Node: 0, Start Address: 0x7f3c5b6f1d20 , Available size: 316128

------------------------------MEM-ALLOC-------------------------------
Allocated memory size (MEM-ALLOC): 24
Returning from Mem_Alloc with PTR: 0x7f3c5b6f1d28, HPTR: 0x7f3c5b6f1d20, Size: 24, HEAD: 0x7f3c5b6f1d38

------------------------------MEM-DUMP--------------------------------
Node: 0, Start Address: 0x7f3c5b6f1d38 , Available size: 316104

------------------------------MEM-ALLOC-------------------------------
Allocated memory size (MEM-ALLOC): 104
Returning from Mem_Alloc with PTR: 0x7f3c5b6f1d40, HPTR: 0x7f3c5b6f1d38, Size: 104, HEAD: 0x7f3c5b6f1da0

------------------------------MEM-DUMP--------------------------------
Node: 0, Start Address: 0x7f3c5b6f1da0 , Available size: 316000

------------------------------MEM-ALLOC-------------------------------
Allocated memory size (MEM-ALLOC): 72
Returning from Mem_Alloc with PTR: 0x7f3c5b6f1da8, HPTR: 0x7f3c5b6f1da0, Size: 72, HEAD: 0x7f3c5b6f1de8

------------------------------MEM-DUMP--------------------------------
Node: 0, Start Address: 0x7f3c5b6f1de8 , Available size: 315928

------------------------------MEM-ALLOC-------------------------------
Allocated memory size (MEM-ALLOC): 40
Returning from Mem_Alloc with PTR: 0x7f3c5b6f1df0, HPTR: 0x7f3c5b6f1de8, Size: 40, HEAD: 0x7f3c5b6f1e10

------------------------------MEM-DUMP--------------------------------
Node: 0, Start Address: 0x7f3c5b6f1e10 , Available size: 315888

------------------------------MEM-ALLOC-------------------------------
Allocated memory size (MEM-ALLOC): 48
Returning from Mem_Alloc with PTR: 0x7f3c5b6f1e18, HPTR: 0x7f3c5b6f1e10, Size: 48, HEAD: 0x7f3c5b6f1e40

------------------------------MEM-DUMP--------------------------------
Node: 0, Start Address: 0x7f3c5b6f1e40 , Available size: 315840

------------------------------MEM-ALLOC-------------------------------
Allocated memory size (MEM-ALLOC): 104
Returning from Mem_Alloc with PTR: 0x7f3c5b6f1e48, HPTR: 0x7f3c5b6f1e40, Size: 104, HEAD: 0x7f3c5b6f1ea8

------------------------------MEM-DUMP--------------------------------
Node: 0, Start Address: 0x7f3c5b6f1ea8 , Available size: 315736

------------------------------MEM-ALLOC-------------------------------
Allocated memory size (MEM-ALLOC): 104
Returning from Mem_Alloc with PTR: 0x7f3c5b6f1eb0, HPTR: 0x7f3c5b6f1ea8, Size: 104, HEAD: 0x7f3c5b6f1f10

------------------------------MEM-FREE--------------------------------
Entering Mem_Free with PTR: 0x7f3c5b6f02b8, HPTR: 0x7f3c5b6f02b0, Magic: 314159, Size: 112
Sorting Done- HEAD: 0x7f3c5b6f02b0

------------------------------MEM-DUMP--------------------------------
Node: 0, Start Address: 0x7f3c5b6f02b0 , Available size: 112
Node: 1, Start Address: 0x7f3c5b6f1f10 , Available size: 315632
<=====Coaelescer=====>
Cur_node: 0x7f3c5b6f02b0
Cur_node: 0x7f3c5b6f1f10

------------------------------MEM-DUMP--------------------------------
Node: 0, Start Address: 0x7f3c5b6f02b0 , Available size: 112
Node: 1, Start Address: 0x7f3c5b6f1f10 , Available size: 315632

------------------------------MEM-ALLOC-------------------------------
Allocated memory size (MEM-ALLOC): 64
Returning from Mem_Alloc with PTR: 0x7f3c5b6f02b8, HPTR: 0x7f3c5b6f02b0, Size: 64, HEAD: 0x7f3c5b6f02f0

------------------------------MEM-DUMP--------------------------------
Node: 0, Start Address: 0x7f3c5b6f02f0 , Available size: 48
Node: 1, Start Address: 0x7f3c5b6f1f10 , Available size: 315632

------------------------------MEM-ALLOC-------------------------------
Allocated memory size (MEM-ALLOC): 128
Returning from Mem_Alloc with PTR: 0x7f3c5b6f1f18, HPTR: 0x7f3c5b6f1f10, Size: 128, HEAD: 0x7f3c5b6f02f0

------------------------------MEM-DUMP--------------------------------
Node: 0, Start Address: 0x7f3c5b6f02f0 , Available size: 48
Node: 1, Start Address: 0x7f3c5b6f1f90 , Available size: 315504

------------------------------MEM-ALLOC-------------------------------
Allocated memory size (MEM-ALLOC): 48
Returning from Mem_Alloc with PTR: 0x7f3c5b6f02f8, HPTR: 0x7f3c5b6f02f0, Size: 48, HEAD: 0x7f3c5b6f1f90

------------------------------MEM-DUMP--------------------------------
Node: 0, Start Address: 0x7f3c5b6f1f90 , Available size: 315504

------------------------------MEM-ALLOC-------------------------------
Allocated memory size (MEM-ALLOC): 120
Returning from Mem_Alloc with PTR: 0x7f3c5b6f1f98, HPTR: 0x7f3c5b6f1f90, Size: 120, HEAD: 0x7f3c5b6f2008

------------------------------MEM-DUMP--------------------------------
Node: 0, Start Address: 0x7f3c5b6f2008 , Available size: 315384

------------------------------MEM-ALLOC-------------------------------
Allocated memory size (MEM-ALLOC): 24
Returning from Mem_Alloc with PTR: 0x7f3c5b6f2010, HPTR: 0x7f3c5b6f2008, Size: 24, HEAD: 0x7f3c5b6f2020

------------------------------MEM-DUMP--------------------------------
Node: 0, Start Address: 0x7f3c5b6f2020 , Available size: 315360

------------------------------MEM-ALLOC-------------------------------
Allocated memory size (MEM-ALLOC): 48
Returning from Mem_Alloc with PTR: 0x7f3c5b6f2028, HPTR: 0x7f3c5b6f2020, Size: 48, HEAD: 0x7f3c5b6f2050

------------------------------MEM-FREE--------------------------------
Entering Mem_Free with PTR: 0x7f3c5b6f0140, HPTR: 0x7f3c5b6f0138, Magic: 314159, Size: 16
Sorting Done- HEAD: 0x7f3c5b6f0138

------------------------------MEM-DUMP--------------------------------
Node: 0, Start Address: 0x7f3c5b6f0138 , Available size: 16
Node: 1, Start Address: 0x7f3c5b6f2050 , Available size: 315312
<=====Coaelescer=====>
Cur_node: 0x7f3c5b6f0138
Cur_node: 0x7f3c5b6f2050

------------------------------MEM-DUMP--------------------------------
Node: 0, Start Address: 0x7f3c5b6f0138 , Available size: 16
Node: 1, Start Address: 0x7f3c5b6f2050 , Available size: 315312

------------------------------MEM-ALLOC-------------------------------
Allocated memory size (MEM-ALLOC): 40
Returning from Mem_Alloc with PTR: 0x7f3c5b6f2058, HPTR: 0x7f3c5b6f2050, Size: 40, HEAD: 0x7f3c5b6f0138

------------------------------MEM-DUMP--------------------------------
Node: 0, Start Address: 0x7f3c5b6f0138 , Available size: 16
Node: 1, Start Address: 0x7f3c5b6f2078 , Available size: 315272

------------------------------MEM-ALLOC-------------------------------
Allocated memory size (MEM-ALLOC): 24
Returning from Mem_Alloc with PTR: 0x7f3c5b6f2080, HPTR: 0x7f3c5b6f2078, Size: 24, HEAD: 0x7f3c5b6f0138

------------------------------MEM-DUMP--------------------------------
Node: 0, Start Address: 0x7f3c5b6f0138 , Available size: 16
Node: 1, Start Address: 0x7f3c5b6f2090 , Available size: 315248

------------------------------MEM-ALLOC-------------------------------
Allocated memory size (MEM-ALLOC): 56
Returning from Mem_Alloc with PTR: 0x7f3c5b6f2098, HPTR: 0x7f3c5b6f2090, Size: 56, HEAD: 0x7f3c5b6f0138

------------------------------MEM-DUMP--------------------------------
Node: 0, Start Address: 0x7f3c5b6f0138 , Available size: 16
Node: 1, Start Address: 0x7f3c5b6f20c8 , Available size: 315192

------------------------------MEM-ALLOC-------------------------------
Allocated memory size (MEM-ALLOC): 136
Returning from Mem_Alloc with PTR: 0x7f3c5b6f20d0, HPTR: 0x7f3c5b6f20c8, Size: 136, HEAD: 0x7f3c5b6f0138

------------------------------MEM-DUMP--------------------------------
Node: 0, Start Address: 0x7f3c5b6f0138 , Available size: 16
Node: 1, Start Address: 0x7f3c5b6f2150 , Available size: 315056

------------------------------MEM-ALLOC-------------------------------
Allocated memory size (MEM-ALLOC): 120
Returning from Mem_Alloc with PTR: 0x7f3c5b6f2158, HPTR: 0x7f3c5b6f2150, Size: 120, HEAD: 0x7f3c5b6f0138

------------------------------MEM-DUMP--------------------------------
Node: 0, Start Address: 0x7f3c5b6f0138 , Available size: 16
Node: 1, Start Address: 0x7f3c5b6f21c8 , Available size: 314936

------------------------------MEM-ALLOC-------------------------------
Allocated memory size (MEM-ALLOC): 96
Returning from Mem_Alloc with PTR: 0x7f3c5b6f21d0, HPTR: 0x7f3c5b6f21c8, Size: 96, HEAD: 0x7f3c5b6f0138

------------------------------MEM-DUMP--------------------------------
Node: 0, Start Address: 0x7f3c5b6f0138 , Available size: 16
Node: 1, Start Address: 0x7f3c5b6f2228 , Available size: 314840

------------------------------MEM-ALLOC-------------------------------
Allocated memory size (MEM-ALLOC): 136
Returning from Mem_Alloc with PTR: 0x7f3c5b6f2230, HPTR: 0x7f3c5b6f2228, Size: 136, HEAD: 0x7f3c5b6f0138

------------------------------MEM-DUMP--------------------------------
Node: 0, Start Address: 0x7f3c5b6f0138 , Available size: 16
Node: 1, Start Address: 0x7f3c5b6f22b0 , Available size: 314704

------------------------------MEM-ALLOC-------------------------------
Allocated memory size (MEM-ALLOC): 128
Returning from Mem_Alloc with PTR: 0x7f3c5b6f22b8, HPTR: 0x7f3c5b6f22b0, Size: 128, HEAD: 0x7f3c5b6f0138

------------------------------MEM-DUMP--------------------------------
Node: 0, Start Address: 0x7f3c5b6f0138 , Available size: 16
Node: 1, Start Address: 0x7f3c5b6f2330 , Available size: 314576

------------------------------MEM-ALLOC-------------------------------
Allocated memory size (MEM-ALLOC): 16
Returning from Mem_Alloc with PTR: 0x7f3c5b6f0140, HPTR: 0x7f3c5b6f0138, Size: 16, HEAD: 0x7f3c5b6f2330

------------------------------MEM-DUMP--------------------------------
Node: 0, Start Address: 0x7f3c5b6f2330 , Available size: 314576

------------------------------MEM-ALLOC-------------------------------
Allocated memory size (MEM-ALLOC): 56
Returning from Mem_Alloc with PTR: 0x7f3c5b6f2338, HPTR: 0x7f3c5b6f2330, Size: 56, HEAD: 0x7f3c5b6f2368

------------------------------MEM-DUMP--------------------------------
Node: 0, Start Address: 0x7f3c5b6f2368 , Available size: 314520

------------------------------MEM-ALLOC-------------------------------
Allocated memory size (MEM-ALLOC): 80
Returning from Mem_Alloc with PTR: 0x7f3c5b6f2370, HPTR: 0x7f3c5b6f2368, Size: 80, HEAD: 0x7f3c5b6f23b8

------------------------------MEM-DUMP--------------------------------
Node: 0, Start Address: 0x7f3c5b6f23b8 , Available size: 314440

------------------------------MEM-ALLOC-------------------------------
Allocated memory size (MEM-ALLOC): 56
Returning from Mem_Alloc with PTR: 0x7f3c5b6f23c0, HPTR: 0x7f3c5b6f23b8, Size: 56, HEAD: 0x7f3c5b6f23f0

------------------------------MEM-DUMP--------------------------------
Node: 0, Start Address: 0x7f3c5b6f23f0 , Available size: 314384

------------------------------MEM-ALLOC-------------------------------
Allocated memory size (MEM-ALLOC): 16
Returning from Mem_Alloc with PTR: 0x7f3c5b6f23f8, HPTR: 0x7f3c5b6f23f0, Size: 16, HEAD: 0x7f3c5b6f2400

------------------------------MEM-DUMP--------------------------------
Node: 0, Start Address: 0x7f3c5b6f2400 , Available size: 314368

------------------------------MEM-ALLOC-------------------------------
Allocated memory size (MEM-ALLOC): 104
Returning from Mem_Alloc with PTR: 0x7f3c5b6f2408, HPTR: 0x7f3c5b6f2400, Size: 104, HEAD: 0x7f3c5b6f2468

------------------------------MEM-DUMP--------------------------------
Node: 0, Start Address: 0x7f3c5b6f2468 , Available size: 314264

------------------------------MEM-ALLOC-------------------------------
Allocated memory size (MEM-ALLOC): 128
Returning from Mem_Alloc with PTR: 0x7f3c5b6f2470, HPTR: 0x7f3c5b6f2468, Size: 128, HEAD: 0x7f3c5b6f24e8

------------------------------MEM-DUMP--------------------------------
Node: 0, Start Address: 0x7f3c5b6f24e8 , Available size: 314136

------------------------------MEM-ALLOC-------------------------------
Allocated memory size (MEM-ALLOC): 80
Returning from Mem_Alloc with PTR: 0x7f3c5b6f24f0, HPTR: 0x7f3c5b6f24e8, Size: 80, HEAD: 0x7f3c5b6f2538

------------------------------MEM-DUMP--------------------------------
Node: 0, Start Address: 0x7f3c5b6f2538 , Available size: 314056

------------------------------MEM-ALLOC-------------------------------
Allocated memory size (MEM-ALLOC): 80
Returning from Mem_Alloc with PTR: 0x7f3c5b6f2540, HPTR: 0x7f3c5b6f2538, Size: 80, HEAD: 0x7f3c5b6f2588

------------------------------MEM-DUMP--------------------------------
Node: 0, Start Address: 0x7f3c5b6f2588 , Available size: 313976

------------------------------MEM-ALLOC-------------------------------
Allocated memory size (MEM-ALLOC): 48
Returning from Mem_Alloc with PTR: 0x7f3c5b6f2590, HPTR: 0x7f3c5b6f2588, Size: 48, HEAD: 0x7f3c5b6f25b8

------------------------------MEM-DUMP--------------------------------
Node: 0, Start Address: 0x7f3c5b6f25b8 , Available size: 313928

------------------------------MEM-ALLOC-------------------------------
Allocated memory size (MEM-ALLOC): 112
Returning from Mem_Alloc with PTR: 0x7f3c5b6f25c0, HPTR: 0x7f3c5b6f25b8, Size: 112, HEAD: 0x7f3c5b6f2628

------------------------------MEM-DUMP--------------------------------
Node: 0, Start Address: 0x7f3c5b6f2628 , Available size: 313816

------------------------------MEM-ALLOC-------------------------------
Allocated memory size (MEM-ALLOC): 80
Returning from Mem_Alloc with PTR: 0x7f3c5b6f2630, HPTR: 0x7f3c5b6f2628, Size: 80, HEAD: 0x7f3c5b6f2678

------------------------------MEM-DUMP--------------------------------
Node: 0, Start Address: 0x7f3c5b6f2678 , Available size: 313736

------------------------------MEM-ALLOC-------------------------------
Allocated memory size (MEM-ALLOC): 88
Returning from Mem_Alloc with PTR: 0x7f3c5b6f2680, HPTR: 0x7f3c5b6f2678, Size: 88, HEAD: 0x7f3c5b6f26d0

------------------------------MEM-DUMP--------------------------------
Node: 0, Start Address: 0x7f3c5b6f26d0 , Available size: 313648

------------------------------MEM-ALLOC-------------------------------
Allocated memory size (MEM-ALLOC): 72
Returning from Mem_Alloc with PTR: 0x7f3c5b6f26d8, HPTR: 0x7f3c5b6f26d0, Size: 72, HEAD: 0x7f3c5b6f2718

------------------------------MEM-DUMP--------------------------------
Node: 0, Start Address: 0x7f3c5b6f2718 , Available size: 313576

------------------------------MEM-ALLOC-------------------------------
Allocated memory size (MEM-ALLOC): 48
Returning from Mem_Alloc with PTR: 0x7f3c5b6f2720, HPTR: 0x7f3c5b6f2718, Size: 48, HEAD: 0x7f3c5b6f2748

------------------------------MEM-FREE--------------------------------
Entering Mem_Free with PTR: 0x7f3c5b6f1f98, HPTR: 0x7f3c5b6f1f90, Magic: 314159, Size: 120
Sorting Done- HEAD: 0x7f3c5b6f1f90

------------------------------MEM-DUMP--------------------------------
Node: 0, Start Address: 0x7f3c5b6f1f90 , Available size: 120
Node: 1, Start Address: 0x7f3c5b6f2748 , Available size: 313528
<=====Coaelescer=====>
Cur_node: 0x7f3c5b6f1f90
Cur_node: 0x7f3c5b6f2748

------------------------------MEM-DUMP--------------------------------
Node: 0, Start Address: 0x7f3c5b6f1f90 , Available size: 120
Node: 1, Start Address: 0x7f3c5b6f2748 , Available size: 313528

------------------------------MEM-ALLOC-------------------------------
Allocated memory size (MEM-ALLOC): 40
Returning from Mem_Alloc with PTR: 0x7f3c5b6f1f98, HPTR: 0x7f3c5b6f1f90, Size: 40, HEAD: 0x7f3c5b6f1fb8

------------------------------MEM-DUMP--------------------------------
Node: 0, Start Address: 0x7f3c5b6f1fb8 , Available size: 80
Node: 1, Start Address: 0x7f3c5b6f2748 , Available size: 313528

------------------------------MEM-ALLOC-------------------------------
Allocated memory size (MEM-ALLOC): 48
Returning from Mem_Alloc with PTR: 0x7f3c5b6f1fc0, HPTR: 0x7f3c5b6f1fb8, Size: 48, HEAD: 0x7f3c5b6f1fe8

------------------------------MEM-FREE--------------------------------
Entering Mem_Free with PTR: 0x7f3c5b6f0cb0, HPTR: 0x7f3c5b6f0ca8, Magic: 314159, Size: 128
Sorting Done- HEAD: 0x7f3c5b6f0ca8

------------------------------MEM-DUMP--------------------------------
Node: 0, Start Address: 0x7f3c5b6f0ca8 , Available size: 128
Node: 1, Start Address: 0x7f3c5b6f1fe8 , Available size: 32
Node: 2, Start Address: 0x7f3c5b6f2748 , Available size: 313528
<=====Coaelescer=====>
Cur_node: 0x7f3c5b6f0ca8
Cur_node: 0x7f3c5b6f1fe8
Cur_node: 0x7f3c5b6f2748

------------------------------MEM-DUMP--------------------------------
Node: 0, Start Address: 0x7f3c5b6f0ca8 , Available size: 128
Node: 1, Start Address: 0x7f3c5b6f1fe8 , Available size: 32
Node: 2, Start Address: 0x7f3c5b6f2748 , Available size: 313528

------------------------------MEM-ALLOC-------------------------------
Allocated memory size (MEM-ALLOC): 88
Returning from Mem_Alloc with PTR: 0x7f3c5b6f0cb0, HPTR: 0x7f3c5b6f0ca8, Size: 88, HEAD: 0x7f3c5b6f0d00

------------------------------MEM-DUMP--------------------------------
Node: 0, Start Address: 0x7f3c5b6f0d00 , Available size: 40
Node: 1, Start Address: 0x7f3c5b6f1fe8 , Available size: 32
Node: 2, Start Address: 0x7f3c5b6f2748 , Available size: 313528

------------------------------MEM-ALLOC-------------------------------
Allocated memory size (MEM-ALLOC): 96
Returning from Mem_Alloc with PTR: 0x7f3c5b6f2750, HPTR: 0x7f3c5b6f2748, Size: 96, HEAD: 0x7f3c5b6f0d00

------------------------------MEM-DUMP--------------------------------
Node: 0, Start Address: 0x7f3c5b6f0d00 , Available size: 40
Node: 1, Start Address: 0x7f3c5b6f1fe8 , Available size: 32
Node: 2, Start Address: 0x7f3c5b6f27a8 , Available size: 313432

------------------------------MEM-ALLOC-------------------------------
Allocated memory size (MEM-ALLOC): 16
Returning from Mem_Alloc with PTR: 0x7f3c5b6f1ff0, HPTR: 0x7f3c5b6f1fe8, Size: 16, HEAD: 0x7f3c5b6f0d00

------------------------------MEM-DUMP--------------------------------
Node: 0, Start Address: 0x7f3c5b6f0d00 , Available size: 40
Node: 1, Start Address: 0x7f3c5b6f1ff8 , Available size: 16
Node: 2, Start Address: 0x7f3c5b6f27a8 , Available size: 313432

------------------------------MEM-ALLOC-------------------------------
Allocated memory size (MEM-ALLOC): 88
Returning from Mem_Alloc with PTR: 0x7f3c5b6f27b0, HPTR: 0x7f3c5b6f27a8, Size: 88, HEAD: 0x7f3c5b6f0d00

------------------------------MEM-DUMP--------------------------------
Node: 0, Start Address: 0x7f3c5b6f0d00 , Available size: 40
Node: 1, Start Address: 0x7f3c5b6f1ff8 , Available size: 16
Node: 2, Start Address: 0x7f3c5b6f2800 , Available size: 313344

------------------------------MEM-ALLOC-------------------------------
Allocated memory size (MEM-ALLOC): 40
Returning from Mem_Alloc with PTR: 0x7f3c5b6f0d08, HPTR: 0x7f3c5b6f0d00, Size: 40, HEAD: 0x7f3c5b6f1ff8

------------------------------MEM-DUMP--------------------------------
Node: 0, Start Address: 0x7f3c5b6f1ff8 , Available size: 16
Node: 1, Start Address: 0x7f3c5b6f2800 , Available size: 313344

------------------------------MEM-ALLOC-------------------------------
Allocated memory size (MEM-ALLOC): 80
Returning from Mem_Alloc with PTR: 0x7f3c5b6f2808, HPTR: 0x7f3c5b6f2800, Size: 80, HEAD: 0x7f3c5b6f1ff8

------------------------------MEM-DUMP--------------------------------
Node: 0, Start Address: 0x7f3c5b6f1ff8 , Available size: 16
Node: 1, Start Address: 0x7f3c5b6f2850 , Available size: 313264

------------------------------MEM-ALLOC-------------------------------
Allocated memory size (MEM-ALLOC): 56
Returning from Mem_Alloc with PTR: 0x7f3c5b6f2858, HPTR: 0x7f3c5b6f2850, Size: 56, HEAD: 0x7f3c5b6f1ff8

------------------------------MEM-DUMP--------------------------------
Node: 0, Start Address: 0x7f3c5b6f1ff8 , Available size: 16
Node: 1, Start Address: 0x7f3c5b6f2888 , Available size: 313208

------------------------------MEM-ALLOC-------------------------------
Allocated memory size (MEM-ALLOC): 56
Returning from Mem_Alloc with PTR: 0x7f3c5b6f2890, HPTR: 0x7f3c5b6f2888, Size: 56, HEAD: 0x7f3c5b6f1ff8

------------------------------MEM-DUMP--------------------------------
Node: 0, Start Address: 0x7f3c5b6f1ff8 , Available size: 16
Node: 1, Start Address: 0x7f3c5b6f28c0 , Available size: 313152

------------------------------MEM-ALLOC-------------------------------
Allocated memory size (MEM-ALLOC): 32
Returning from Mem_Alloc with PTR: 0x7f3c5b6f28c8, HPTR: 0x7f3c5b6f28c0, Size: 32, HEAD: 0x7f3c5b6f1ff8

------------------------------MEM-DUMP--------------------------------
Node: 0, Start Address: 0x7f3c5b6f1ff8 , Available size: 16
Node: 1, Start Address: 0x7f3c5b6f28e0 , Available size: 313120

------------------------------MEM-ALLOC-------------------------------
Allocated memory size (MEM-ALLOC): 48
Returning from Mem_Alloc with PTR: 0x7f3c5b6f28e8, HPTR: 0x7f3c5b6f28e0, Size: 48, HEAD: 0x7f3c5b6f1ff8

------------------------------MEM-DUMP--------------------------------
Node: 0, Start Address: 0x7f3c5b6f1ff8 , Available size: 16
Node: 1, Start Address: 0x7f3c5b6f2910 , Available size: 313072

------------------------------MEM-ALLOC-------------------------------
Allocated memory size (MEM-ALLOC): 40
Returning from Mem_Alloc with PTR: 0x7f3c5b6f2918, HPTR: 0x7f3c5b6f2910, Size: 40, HEAD: 0x7f3c5b6f1ff8

------------------------------MEM-DUMP--------------------------------
Node: 0, Start Address: 0x7f3c5b6f1ff8 , Available size: 16
Node: 1, Start Address: 0x7f3c5b6f2938 , Available size: 313032

------------------------------MEM-ALLOC-------------------------------
Allocated memory size (MEM-ALLOC): 40
Returning from Mem_Alloc with PTR: 0x7f3c5b6f2940, HPTR: 0x7f3c5b6f2938, Size: 40, HEAD: 0x7f3c5b6f1ff8

------------------------------MEM-DUMP--------------------------------
Node: 0, Start Address: 0x7f3c5b6f1ff8 , Available size: 16
Node: 1, Start Address: 0x7f3c5b6f2960 , Available size: 312992

------------------------------MEM-ALLOC-------------------------------
Allocated memory size (MEM-ALLOC): 72
Returning from Mem_Alloc with PTR: 0x7f3c5b6f2968, HPTR: 0x7f3c5b6f2960, Size: 72, HEAD: 0x7f3c5b6f1ff8

------------------------------MEM-DUMP--------------------------------
Node: 0, Start Address: 0x7f3c5b6f1ff8 , Available size: 16
Node: 1, Start Address: 0x7f3c5b6f29a8 , Available size: 312920

------------------------------MEM-ALLOC-------------------------------
Allocated memory size (MEM-ALLOC): 104
Returning from Mem_Alloc with PTR: 0x7f3c5b6f29b0, HPTR: 0x7f3c5b6f29a8, Size: 104, HEAD: 0x7f3c5b6f1ff8

------------------------------MEM-DUMP--------------------------------
Node: 0, Start Address: 0x7f3c5b6f1ff8 , Available size: 16
Node: 1, Start Address: 0x7f3c5b6f2a10 , Available size: 312816

------------------------------MEM-ALLOC-------------------------------
Allocated memory size (MEM-ALLOC): 72
Returning from Mem_Alloc with PTR: 0x7f3c5b6f2a18, HPTR: 0x7f3c5b6f2a10, Size: 72, HEAD: 0x7f3c5b6f1ff8

------------------------------MEM-DUMP--------------------------------
Node: 0, Start Address: 0x7f3c5b6f1ff8 , Available size: 16
Node: 1, Start Address: 0x7f3c5b6f2a58 , Available size: 312744

------------------------------MEM-ALLOC-------------------------------
Allocated memory size (MEM-ALLOC): 56
Returning from Mem_Alloc with PTR: 0x7f3c5b6f2a60, HPTR: 0x7f3c5b6f2a58, Size: 56, HEAD: 0x7f3c5b6f1ff8

------------------------------MEM-DUMP--------------------------------
Node: 0, Start Address: 0x7f3c5b6f1ff8 , Available size: 16
Node: 1, Start Address: 0x7f3c5b6f2a90 , Available size: 312688

------------------------------MEM-ALLOC-------------------------------
Allocated memory size (MEM-ALLOC): 16
Returning from Mem_Alloc with PTR: 0x7f3c5b6f2000, HPTR: 0x7f3c5b6f1ff8, Size: 16, HEAD: 0x7f3c5b6f2a90

------------------------------MEM-FREE--------------------------------
Entering Mem_Free with PTR: 0x7f3c5b6f16b8, HPTR: 0x7f3c5b6f16b0, Magic: 314159, Size: 72
Sorting Done- HEAD: 0x7f3c5b6f16b0

------------------------------MEM-DUMP--------------------------------
Node: 0, Start Address: 0x7f3c5b6f16b0 , Available size: 72
Node: 1, Start Address: 0x7f3c5b6f2a90 , Available size: 312688
<=====Coaelescer=====>
Cur_node: 0x7f3c5b6f16b0
Cur_node: 0x7f3c5b6f2a90

------------------------------MEM-DUMP--------------------------------
Node: 0, Start Address: 0x7f3c5b6f16b0 , Available size: 72
Node: 1, Start Address: 0x7f3c5b6f2a90 , Available size: 312688

------------------------------MEM-ALLOC-------------------------------
Allocated memory size (MEM-ALLOC): 96
Returning from Mem_Alloc with PTR: 0x7f3c5b6f2a98, HPTR: 0x7f3c5b6f2a90, Size: 96, HEAD: 0x7f3c5b6f16b0

------------------------------MEM-DUMP--------------------------------
Node: 0, Start Address: 0x7f3c5b6f16b0 , Available size: 72
Node: 1, Start Address: 0x7f3c5b6f2af0 , Available size: 312592

------------------------------MEM-ALLOC-------------------------------
Allocated memory size (MEM-ALLOC): 48
Returning from Mem_Alloc with PTR: 0x7f3c5b6f16b8, HPTR: 0x7f3c5b6f16b0, Size: 48, HEAD: 0x7f3c5b6f16e0

------------------------------MEM-DUMP--------------------------------
Node: 0, Start Address: 0x7f3c5b6f16e0 , Available size: 24
Node: 1, Start Address: 0x7f3c5b6f2af0 , Available size: 312592

------------------------------MEM-ALLOC-------------------------------
Allocated memory size (MEM-ALLOC): 16
Returning from Mem_Alloc with PTR: 0x7f3c5b6f16e8, HPTR: 0x7f3c5b6f16e0, Size: 24, HEAD: 0x7f3c5b6f2af0

------------------------------MEM-DUMP--------------------------------
Node: 0, Start Address: 0x7f3c5b6f2af0 , Available size: 312592

------------------------------MEM-ALLOC-------------------------------
Allocated memory size (MEM-ALLOC): 88
Returning from Mem_Alloc with PTR: 0x7f3c5b6f2af8, HPTR: 0x7f3c5b6f2af0, Size: 88, HEAD: 0x7f3c5b6f2b48

------------------------------MEM-DUMP--------------------------------
Node: 0, Start Address: 0x7f3c5b6f2b48 , Available size: 312504

------------------------------MEM-ALLOC-------------------------------
Allocated memory size (MEM-ALLOC): 136
Returning from Mem_Alloc with PTR: 0x7f3c5b6f2b50, HPTR: 0x7f3c5b6f2b48, Size: 136, HEAD: 0x7f3c5b6f2bd0

------------------------------MEM-FREE--------------------------------
Entering Mem_Free with PTR: 0x7f3c5b6f0c80, HPTR: 0x7f3c5b6f0c78, Magic: 314159, Size: 24
Sorting Done- HEAD: 0x7f3c5b6f0c78

------------------------------MEM-DUMP--------------------------------
Node: 0, Start Address: 0x7f3c5b6f0c78 , Available size: 24
Node: 1, Start Address: 0x7f3c5b6f2bd0 , Available size: 312368
<=====Coaelescer=====>
Cur_node: 0x7f3c5b6f0c78
Cur_node: 0x7f3c5b6f2bd0

------------------------------MEM-DUMP--------------------------------
Node: 0, Start Address: 0x7f3c5b6f0c78 , Available size: 24
Node: 1, Start Address: 0x7f3c5b6f2bd0 , Available size: 312368

------------------------------MEM-ALLOC-------------------------------
Allocated memory size (MEM-ALLOC): 104
Returning from Mem_Alloc with PTR: 0x7f3c5b6f2bd8, HPTR: 0x7f3c5b6f2bd0, Size: 104, HEAD: 0x7f3c5b6f0c78

------------------------------MEM-DUMP--------------------------------
Node: 0, Start Address: 0x7f3c5b6f0c78 , Available size: 24
Node: 1, Start Address: 0x7f3c5b6f2c38 , Available size: 312264

------------------------------MEM-ALLOC-------------------------------
Allocated memory size (MEM-ALLOC): 80
Returning from Mem_Alloc with PTR: 0x7f3c5b6f2c40, HPTR: 0x7f3c5b6f2c38, Size: 80, HEAD: 0x7f3c5b6f0c78

------------------------------MEM-DUMP--------------------------------
Node: 0, Start Address: 0x7f3c5b6f0c78 , Available size: 24
Node: 1, Start Address: 0x7f3c5b6f2c88 , Available size: 312184

------------------------------MEM-ALLOC-------------------------------
Allocated memory size (MEM-ALLOC): 120
Returning from Mem_Alloc with PTR: 0x7f3c5b6f2c90, HPTR: 0x7f3c5b6f2c88, Size: 120, HEAD: 0x7f3c5b6f0c78

------------------------------MEM-FREE--------------------------------
Entering Mem_Free with PTR: 0x7f3c5b6f02f8, HPTR: 0x7f3c5b6f02f0, Magic: 314159, Size: 48
Sorting Done- HEAD: 0x7f3c5b6f02f0

------------------------------MEM-DUMP--------------------------------
Node: 0, Start Address: 0x7f3c5b6f02f0 , Available size: 48
Node: 1, Start Address: 0x7f3c5b6f0c78 , Available size: 24
Node: 2, Start Address: 0x7f3c5b6f2d00 , Available size: 312064
<=====Coaelescer=====>
Cur_node: 0x7f3c5b6f02f0
Cur_node: 0x7f3c5b6f0c78
Cur_node: 0x7f3c5b6f2d00

------------------------------MEM-DUMP--------------------------------
Node: 0, Start Address: 0x7f3c5b6f02f0 , Available size: 48
Node: 1, Start Address: 0x7f3c5b6f0c78 , Available size: 24
Node: 2, Start Address: 0x7f3c5b6f2d00 , Available size: 312064

------------------------------MEM-ALLOC-------------------------------
Allocated memory size (MEM-ALLOC): 16
Returning from Mem_Alloc with PTR: 0x7f3c5b6f0c80, HPTR: 0x7f3c5b6f0c78, Size: 24, HEAD: 0x7f3c5b6f02f0

------------------------------MEM-DUMP--------------------------------
Node: 0, Start Address: 0x7f3c5b6f02f0 , Available size: 48
Node: 1, Start Address: 0x7f3c5b6f2d00 , Available size: 312064

------------------------------MEM-ALLOC-------------------------------
Allocated memory size (MEM-ALLOC): 80
Returning from Mem_Alloc with PTR: 0x7f3c5b6f2d08, HPTR: 0x7f3c5b6f2d00, Size: 80, HEAD: 0x7f3c5b6f02f0

------------------------------MEM-FREE--------------------------------
Entering Mem_Free with PTR: 0x7f3c5b6f2010, HPTR: 0x7f3c5b6f2008, Magic: 314159, Size: 24
Sorting Done- HEAD: 0x7f3c5b6f02f0

------------------------------MEM-DUMP--------------------------------
Node: 0, Start Address: 0x7f3c5b6f02f0 , Available size: 48
Node: 1, Start Address: 0x7f3c5b6f2008 , Available size: 24
Node: 2, Start Address: 0x7f3c5b6f2d50 , Available size: 311984
<=====Coaelescer=====>
Cur_node: 0x7f3c5b6f02f0
Cur_node: 0x7f3c5b6f2008
Cur_node: 0x7f3c5b6f2d50

------------------------------MEM-DUMP--------------------------------
Node: 0, Start Address: 0x7f3c5b6f02f0 , Available size: 48
Node: 1, Start Address: 0x7f3c5b6f2008 , Available size: 24
Node: 2, Start Address: 0x7f3c5b6f2d50 , Available size: 311984

------------------------------MEM-ALLOC-------------------------------
Allocated memory size (MEM-ALLOC): 72
Returning from Mem_Alloc with PTR: 0x7f3c5b6f2d58, HPTR: 0x7f3c5b6f2d50, Size: 72, HEAD: 0x7f3c5b6f02f0

------------------------------MEM-DUMP--------------------------------
Node: 0, Start Address: 0x7f3c5b6f02f0 , Available size: 48
Node: 1, Start Address: 0x7f3c5b6f2008 , Available size: 24
Node: 2, Start Address: 0x7f3c5b6f2d98 , Available size: 311912

------------------------------MEM-ALLOC-------------------------------
Allocated memory size (MEM-ALLOC): 128
Returning from Mem_Alloc with PTR: 0x7f3c5b6f2da0, HPTR: 0x7f3c5b6f2d98, Size: 128, HEAD: 0x7f3c5b6f02f0

------------------------------MEM-DUMP--------------------------------
Node: 0, Start Address: 0x7f3c5b6f02f0 , Available size: 48
Node: 1, Start Address: 0x7f3c5b6f2008 , Available size: 24
Node: 2, Start Address: 0x7f3c5b6f2e18 , Available size: 311784

------------------------------MEM-ALLOC-------------------------------
Allocated memory size (MEM-ALLOC): 16
Returning from Mem_Alloc with PTR: 0x7f3c5b6f2010, HPTR: 0x7f3c5b6f2008, Size: 24, HEAD: 0x7f3c5b6f02f0

------------------------------MEM-DUMP--------------------------------
Node: 0, Start Address: 0x7f3c5b6f02f0 , Available size: 48
Node: 1, Start Address: 0x7f3c5b6f2e18 , Available size: 311784

------------------------------MEM-ALLOC-------------------------------
Allocated memory size (MEM-ALLOC): 40
Returning from Mem_Alloc with PTR: 0x7f3c5b6f02f8, HPTR: 0x7f3c5b6f02f0, Size: 48, HEAD: 0x7f3c5b6f2e18

------------------------------MEM-DUMP--------------------------------
Node: 0, Start Address: 0x7f3c5b6f2e18 , Available size: 311784

------------------------------MEM-ALLOC-------------------------------
Allocated memory size (MEM-ALLOC): 16
Returning from Mem_Alloc with PTR: 0x7f3c5b6f2e20, HPTR: 0x7f3c5b6f2e18, Size: 16, HEAD: 0x7f3c5b6f2e28

------------------------------MEM-DUMP--------------------------------
Node: 0, Start Address: 0x7f3c5b6f2e28 , Available size: 311768

------------------------------MEM-ALLOC-------------------------------
Allocated memory size (MEM-ALLOC): 112
Returning from Mem_Alloc with PTR: 0x7f3c5b6f2e30, HPTR: 0x7f3c5b6f2e28, Size: 112, HEAD: 0x7f3c5b6f2e98

------------------------------MEM-FREE--------------------------------
Entering Mem_Free with PTR: 0x7f3c5b6f2370, HPTR: 0x7f3c5b6f2368, Magic: 314159, Size: 80
Sorting Done- HEAD: 0x7f3c5b6f2368

------------------------------MEM-DUMP--------------------------------
Node: 0, Start Address: 0x7f3c5b6f2368 , Available size: 80
Node: 1, Start Address: 0x7f3c5b6f2e98 , Available size: 311656
<=====Coaelescer=====>
Cur_node: 0x7f3c5b6f2368
Cur_node: 0x7f3c5b6f2e98

------------------------------MEM-DUMP--------------------------------
Node: 0, Start Address: 0x7f3c5b6f2368 , Available size: 80
Node: 1, Start Address: 0x7f3c5b6f2e98 , Available size: 311656

------------------------------MEM-ALLOC-------------------------------
Allocated memory size (MEM-ALLOC): 136
Returning from Mem_Alloc with PTR: 0x7f3c5b6f2ea0, HPTR: 0x7f3c5b6f2e98, Size: 136, HEAD: 0x7f3c5b6f2368

------------------------------MEM-FREE--------------------------------
Entering Mem_Free with PTR: 0x7f3c5b6f22b8, HPTR: 0x7f3c5b6f22b0, Magic: 314159, Size: 128
Sorting Done- HEAD: 0x7f3c5b6f22b0

------------------------------MEM-DUMP--------------------------------
Node: 0, Start Address: 0x7f3c5b6f22b0 , Available size: 128
Node: 1, Start Address: 0x7f3c5b6f2368 , Available size: 80
Node: 2, Start Address: 0x7f3c5b6f2f20 , Available size: 311520
<=====Coaelescer=====>
Cur_node: 0x7f3c5b6f22b0
Cur_node: 0x7f3c5b6f2368
Cur_node: 0x7f3c5b6f2f20

------------------------------MEM-DUMP--------------------------------
Node: 0, Start Address: 0x7f3c5b6f22b0 , Available size: 128
Node: 1, Start Address: 0x7f3c5b6f2368 , Available size: 80
Node: 2, Start Address: 0x7f3c5b6f2f20 , Available size: 311520

------------------------------MEM-ALLOC-------------------------------
Allocated memory size (MEM-ALLOC): 104
Returning from Mem_Alloc with PTR: 0x7f3c5b6f22b8, HPTR: 0x7f3c5b6f22b0, Size: 104, HEAD: 0x7f3c5b6f2318

------------------------------MEM-DUMP--------------------------------
Node: 0, Start Address: 0x7f3c5b6f2318 , Available size: 24
Node: 1, Start Address: 0x7f3c5b6f2368 , Available size: 80
Node: 2, Start Address: 0x7f3c5b6f2f20 , Available size: 311520

------------------------------MEM-ALLOC-------------------------------
Allocated memory size (MEM-ALLOC): 88
Returning from Mem_Alloc with PTR: 0x7f3c5b6f2f28, HPTR: 0x7f3c5b6f2f20, Size: 88, HEAD: 0x7f3c5b6f2318

------------------------------MEM-DUMP--------------------------------
Node: 0, Start Address: 0x7f3c5b6f2318 , Available size: 24
Node: 1, Start Address: 0x7f3c5b6f2368 , Available size: 80
Node: 2, Start Address: 0x7f3c5b6f2f78 , Available size: 311432

------------------------------MEM-ALLOC-------------------------------
Allocated memory size (MEM-ALLOC): 64
Returning from Mem_Alloc with PTR: 0x7f3c5b6f2370, HPTR: 0x7f3c5b6f2368, Size: 64, HEAD: 0x7f3c5b6f2318

------------------------------MEM-DUMP--------------------------------
Node: 0, Start Address: 0x7f3c5b6f2318 , Available size: 24
Node: 1, Start Address: 0x7f3c5b6f23a8 , Available size: 16
Node: 2, Start Address: 0x7f3c5b6f2f78 , Available size: 311432

------------------------------MEM-ALLOC-------------------------------
Allocated memory size (MEM-ALLOC): 40
Returning from Mem_Alloc with PTR: 0x7f3c5b6f2f80, HPTR: 0x7f3c5b6f2f78, Size: 40, HEAD: 0x7f3c5b6f2318

------------------------------MEM-DUMP--------------------------------
Node: 0, Start Address: 0x7f3c5b6f2318 , Available size: 24
Node: 1, Start Address: 0x7f3c5b6f23a8 , Available size: 16
Node: 2, Start Address: 0x7f3c5b6f2fa0 , Available size: 311392

------------------------------MEM-ALLOC-------------------------------
Allocated memory size (MEM-ALLOC): 72
Returning from Mem_Alloc with PTR: 0x7f3c5b6f2fa8, HPTR: 0x7f3c5b6f2fa0, Size: 72, HEAD: 0x7f3c5b6f2318

------------------------------MEM-DUMP--------------------------------
Node: 0, Start Address: 0x7f3c5b6f2318 , Available size: 24
Node: 1, Start Address: 0x7f3c5b6f23a8 , Available size: 16
Node: 2, Start Address: 0x7f3c5b6f2fe8 , Available size: 311320

------------------------------MEM-ALLOC-------------------------------
Allocated memory size (MEM-ALLOC): 24
Returning from Mem_Alloc with PTR: 0x7f3c5b6f2320, HPTR: 0x7f3c5b6f2318, Size: 24, HEAD: 0x7f3c5b6f23a8

------------------------------MEM-DUMP--------------------------------
Node: 0, Start Address: 0x7f3c5b6f23a8 , Available size: 16
Node: 1, Start Address: 0x7f3c5b6f2fe8 , Available size: 311320

------------------------------MEM-ALLOC-------------------------------
Allocated memory size (MEM-ALLOC): 104
Returning from Mem_Alloc with PTR: 0x7f3c5b6f2ff0, HPTR: 0x7f3c5b6f2fe8, Size: 104, HEAD: 0x7f3c5b6f23a8

------------------------------MEM-DUMP--------------------------------
Node: 0, Start Address: 0x7f3c5b6f23a8 , Available size: 16
Node: 1, Start Address: 0x7f3c5b6f3050 , Available size: 311216

------------------------------MEM-ALLOC-------------------------------
Allocated memory size (MEM-ALLOC): 96
Returning from Mem_Alloc with PTR: 0x7f3c5b6f3058, HPTR: 0x7f3c5b6f3050, Size: 96, HEAD: 0x7f3c5b6f23a8

------------------------------MEM-DUMP--------------------------------
Node: 0, Start Address: 0x7f3c5b6f23a8 , Available size: 16
Node: 1, Start Address: 0x7f3c5b6f30b0 , Available size: 311120

------------------------------MEM-ALLOC-------------------------------
Allocated memory size (MEM-ALLOC): 128
Returning from Mem_Alloc with PTR: 0x7f3c5b6f30b8, HPTR: 0x7f3c5b6f30b0, Size: 128, HEAD: 0x7f3c5b6f23a8

------------------------------MEM-DUMP--------------------------------
Node: 0, Start Address: 0x7f3c5b6f23a8 , Available size: 16
Node: 1, Start Address: 0x7f3c5b6f3130 , Available size: 310992

------------------------------MEM-ALLOC-------------------------------
Allocated memory size (MEM-ALLOC): 128
Returning from Mem_Alloc with PTR: 0x7f3c5b6f3138, HPTR: 0x7f3c5b6f3130, Size: 128, HEAD: 0x7f3c5b6f23a8

------------------------------MEM-DUMP--------------------------------
Node: 0, Start Address: 0x7f3c5b6f23a8 , Available size: 16
Node: 1, Start Address: 0x7f3c5b6f31b0 , Available size: 310864

------------------------------MEM-ALLOC-------------------------------
Allocated memory size (MEM-ALLOC): 32
Returning from Mem_Alloc with PTR: 0x7f3c5b6f31b8, HPTR: 0x7f3c5b6f31b0, Size: 32, HEAD: 0x7f3c5b6f23a8

------------------------------MEM-DUMP--------------------------------
Node: 0, Start Address: 0x7f3c5b6f23a8 , Available size: 16
Node: 1, Start Address: 0x7f3c5b6f31d0 , Available size: 310832

------------------------------MEM-ALLOC-------------------------------
Allocated memory size (MEM-ALLOC): 32
Returning from Mem_Alloc with PTR: 0x7f3c5b6f31d8, HPTR: 0x7f3c5b6f31d0, Size: 32, HEAD: 0x7f3c5b6f23a8

------------------------------MEM-DUMP--------------------------------
Node: 0, Start Address: 0x7f3c5b6f23a8 , Available size: 16
Node: 1, Start Address: 0x7f3c5b6f31f0 , Available size: 310800

------------------------------MEM-ALLOC-------------------------------
Allocated memory size (MEM-ALLOC): 104
Returning from Mem_Alloc with PTR: 0x7f3c5b6f31f8, HPTR: 0x7f3c5b6f31f0, Size: 104, HEAD: 0x7f3c5b6f23a8

------------------------------MEM-DUMP--------------------------------
Node: 0, Start Address: 0x7f3c5b6f23a8 , Available size: 16
Node: 1, Start Address: 0x7f3c5b6f3258 , Available size: 310696

------------------------------MEM-ALLOC-------------------------------
Allocated memory size (MEM-ALLOC): 40
Returning from Mem_Alloc with PTR: 0x7f3c5b6f3260, HPTR: 0x7f3c5b6f3258, Size: 40, HEAD: 0x7f3c5b6f23a8

------------------------------MEM-DUMP--------------------------------
Node: 0, Start Address: 0x7f3c5b6f23a8 , Available size: 16
Node: 1, Start Address: 0x7f3c5b6f3280 , Available size: 310656

------------------------------MEM-ALLOC-------------------------------
Allocated memory size (MEM-ALLOC): 96
Returning from Mem_Alloc with PTR: 0x7f3c5b6f3288, HPTR: 0x7f3c5b6f3280, Size: 96, HEAD: 0x7f3c5b6f23a8

------------------------------MEM-FREE--------------------------------
Entering Mem_Free with PTR: 0x7f3c5b6f04a8, HPTR: 0x7f3c5b6f04a0, Magic: 314159, Size: 104
Sorting Done- HEAD: 0x7f3c5b6f04a0

------------------------------MEM-DUMP--------------------------------
Node: 0, Start Address: 0x7f3c5b6f04a0 , Available size: 104
Node: 1, Start Address: 0x7f3c5b6f23a8 , Available size: 16
Node: 2, Start Address: 0x7f3c5b6f32e0 , Available size: 310560
<=====Coaelescer=====>
Cur_node: 0x7f3c5b6f04a0
Cur_node: 0x7f3c5b6f23a8
Cur_node: 0x7f3c5b6f32e0

------------------------------MEM-DUMP--------------------------------
Node: 0, Start Address: 0x7f3c5b6f04a0 , Available size: 104
Node: 1, Start Address: 0x7f3c5b6f23a8 , Available size: 16
Node: 2, Start Address: 0x7f3c5b6f32e0 , Available size: 310560

------------------------------MEM-ALLOC----------------